<?xml version="1.0" encoding="UTF-8"?>
<!-- Generated by org.testng.reporters.JUnitReportReporter -->
<testsuite hostname="DESKTOP-SEANUGB" failures="0" tests="2" name="testngKeywords.PriorityKeyword" time="0.023" errors="0" timestamp="2022-06-23T17:09:51 IST" skipped="0">
  <testcase classname="testngKeywords.PriorityKeyword" name="M" time="0.014"/>
  <system-out>
    <![CDATA[M is Running]]>
  </system-out>
  <testcase classname="testngKeywords.PriorityKeyword" name="C" time="0.009"/>
  <system-out>
    <![CDATA[C is Running]]>
  </system-out>
</testsuite> <!-- testngKeywords.PriorityKeyword -->
