<?xml version="1.0" encoding="UTF-8"?>
<!-- Generated by org.testng.reporters.JUnitReportReporter -->
<testsuite hostname="DESKTOP-SEANUGB" failures="0" tests="4" name="testNgFailed.TestClass1" time="0.037" errors="0" timestamp="2022-06-26T17:14:53 IST" skipped="0">
  <testcase classname="testNgFailed.TestClass1" name="a" time="0.025"/>
  <system-out>
    <![CDATA[A is running ]]>
  </system-out>
  <testcase classname="testNgFailed.TestClass1" name="b" time="0.004"/>
  <system-out>
    <![CDATA[B is running ]]>
  </system-out>
  <testcase classname="testNgFailed.TestClass1" name="c" time="0.004"/>
  <system-out>
    <![CDATA[C is running ]]>
  </system-out>
  <testcase classname="testNgFailed.TestClass1" name="d" time="0.004"/>
  <system-out>
    <![CDATA[D is running ]]>
  </system-out>
</testsuite> <!-- testNgFailed.TestClass1 -->
