<?xml version="1.0" encoding="UTF-8"?>
<!-- Generated by org.testng.reporters.JUnitReportReporter -->
<testsuite hostname="DESKTOP-SEANUGB" failures="0" tests="1" name="testngserialExecution.Myclass2" time="30.486" errors="0" timestamp="2022-06-28T15:16:35 IST" skipped="0">
  <testcase classname="testngserialExecution.Myclass2" name="MyMethod1" time="30.486"/>
  <system-out/>
</testsuite> <!-- testngserialExecution.Myclass2 -->
