<?xml version="1.0" encoding="UTF-8"?>
<!-- Generated by org.testng.reporters.JUnitReportReporter -->
<testsuite hostname="DESKTOP-SEANUGB" failures="0" tests="1" name="kitePomUsingTestng.ValidateKiteAppUserName" time="11.882" errors="0" timestamp="2022-07-04T08:53:49 IST" skipped="0">
  <testcase classname="kitePomUsingTestng.ValidateKiteAppUserName" name="ValidateUserName" time="11.882"/>
  <system-out>
    <![CDATA[validating user name
actual and expected are matching test case is pass]]>
  </system-out>
</testsuite> <!-- kitePomUsingTestng.ValidateKiteAppUserName -->
