<?xml version="1.0" encoding="UTF-8"?>
<!-- Generated by org.testng.reporters.JUnitReportReporter -->
<testsuite hostname="DESKTOP-SEANUGB" failures="0" tests="4" name="testngKeywords.invocationStudy" time="0.044" errors="0" timestamp="2022-06-23T14:58:28 IST" skipped="0">
  <testcase classname="testngKeywords.invocationStudy" name="TestCase1" time="0.004"/>
  <system-out>
    <![CDATA[Test Case1 is running ]]>
  </system-out>
  <testcase classname="testngKeywords.invocationStudy" name="TestCase1" time="0.006"/>
  <system-out>
    <![CDATA[Test Case1 is running ]]>
  </system-out>
  <testcase classname="testngKeywords.invocationStudy" name="TestCase1" time="0.029"/>
  <system-out>
    <![CDATA[Test Case1 is running ]]>
  </system-out>
  <testcase classname="testngKeywords.invocationStudy" name="TestCase1" time="0.005"/>
  <system-out>
    <![CDATA[Test Case1 is running ]]>
  </system-out>
</testsuite> <!-- testngKeywords.invocationStudy -->
