<?xml version="1.0" encoding="UTF-8"?>
<!-- Generated by org.testng.reporters.JUnitReportReporter -->
<testsuite hostname="DESKTOP-SEANUGB" failures="0" tests="2" name="crossBrowserTesting.SerialParallalCrossBro" time="26.857" errors="0" timestamp="2022-06-29T17:39:00 IST" skipped="0">
  <testcase classname="crossBrowserTesting.SerialParallalCrossBro" name="myMethod" time="19.524"/>
  <system-out/>
  <testcase classname="crossBrowserTesting.SerialParallalCrossBro" name="myMethod" time="7.333"/>
  <system-out/>
</testsuite> <!-- crossBrowserTesting.SerialParallalCrossBro -->
