<?xml version="1.0" encoding="UTF-8"?>
<!-- Generated by org.testng.reporters.JUnitReportReporter -->
<testsuite hostname="DESKTOP-SEANUGB" failures="0" tests="2" name="TestNg_Grouping.SuitsTcase2" time="0.011" errors="0" timestamp="2022-06-26T17:02:47 IST" skipped="0">
  <testcase classname="TestNg_Grouping.SuitsTcase2" name="q" time="0.005"/>
  <system-out>
    <![CDATA[Q is running ]]>
  </system-out>
  <testcase classname="TestNg_Grouping.SuitsTcase2" name="r" time="0.006"/>
  <system-out>
    <![CDATA[R is running ]]>
  </system-out>
</testsuite> <!-- TestNg_Grouping.SuitsTcase2 -->
