<?xml version="1.0" encoding="UTF-8"?>
<!-- Generated by org.testng.reporters.JUnitReportReporter -->
<testsuite hostname="DESKTOP-SEANUGB" failures="0" tests="2" name="TestNg_Grouping.SuitsTcase1" time="0.031" errors="0" timestamp="2022-06-26T17:02:47 IST" skipped="0">
  <testcase classname="TestNg_Grouping.SuitsTcase1" name="b" time="0.026"/>
  <system-out>
    <![CDATA[B is running ]]>
  </system-out>
  <testcase classname="TestNg_Grouping.SuitsTcase1" name="c" time="0.005"/>
  <system-out>
    <![CDATA[C is running ]]>
  </system-out>
</testsuite> <!-- TestNg_Grouping.SuitsTcase1 -->
