<?xml version="1.0" encoding="UTF-8"?>
<!-- Generated by org.testng.reporters.JUnitReportReporter -->
<testsuite hostname="DESKTOP-SEANUGB" failures="0" tests="1" name="crossBrowserTesting.normalfirefox" time="49.698" errors="0" timestamp="2022-06-29T17:10:18 IST" skipped="0">
  <testcase classname="crossBrowserTesting.normalfirefox" name="firefox1" time="49.698"/>
  <system-out/>
</testsuite> <!-- crossBrowserTesting.normalfirefox -->
