<?xml version="1.0" encoding="UTF-8"?>
<!-- Generated by org.testng.reporters.JUnitReportReporter -->
<testsuite hostname="DESKTOP-SEANUGB" failures="0" tests="1" name="testngKeywords.tryPriority" time="0.054" errors="0" timestamp="2022-06-23T15:30:52 IST" skipped="0">
  <testcase classname="testngKeywords.tryPriority" name="tcase" time="0.054"/>
  <system-out>
    <![CDATA[test case is running]]>
  </system-out>
</testsuite> <!-- testngKeywords.tryPriority -->
