<?xml version="1.0" encoding="UTF-8"?>
<!-- Generated by org.testng.reporters.JUnitReportReporter -->
<testsuite hostname="DESKTOP-SEANUGB" failures="0" tests="2" name="AssertStudy.TrueStudy" time="0.043" errors="0" timestamp="2022-06-28T15:59:48 IST" skipped="0">
  <testcase classname="AssertStudy.TrueStudy" name="myClass1" time="0.004"/>
  <system-out>
    <![CDATA[value of a is false then test case is pass]]>
  </system-out>
  <testcase classname="AssertStudy.TrueStudy" name="myClass" time="0.039"/>
  <system-out>
    <![CDATA[value of a is true then test case is pass]]>
  </system-out>
</testsuite> <!-- AssertStudy.TrueStudy -->
