<?xml version="1.0" encoding="UTF-8"?>
<!-- Generated by org.testng.reporters.JUnitReportReporter -->
<testsuite hostname="DESKTOP-SEANUGB" failures="0" tests="2" name="AnnotationsStudy.AnnotationAll" time="0.024" errors="0" timestamp="2022-06-23T14:38:19 IST" skipped="0">
  <testcase classname="AnnotationsStudy.AnnotationAll" name="ValidateuserID" time="0.007"/>
  <system-out>
    <![CDATA[userID validation done]]>
  </system-out>
  <testcase classname="AnnotationsStudy.AnnotationAll" name="ValidatePin" time="0.017"/>
  <system-out>
    <![CDATA[pin validation done]]>
  </system-out>
</testsuite> <!-- AnnotationsStudy.AnnotationAll -->
