<?xml version="1.0" encoding="UTF-8"?>
<!-- Generated by org.testng.reporters.JUnitReportReporter -->
<testsuite hostname="DESKTOP-SEANUGB" failures="0" tests="1" name="testngserialExecution.Myclass1" time="6.802" errors="0" timestamp="2022-06-28T15:16:35 IST" skipped="0">
  <testcase classname="testngserialExecution.Myclass1" name="MyMethod1" time="6.802"/>
  <system-out/>
</testsuite> <!-- testngserialExecution.Myclass1 -->
