<?xml version="1.0" encoding="UTF-8"?>
<!-- Generated by org.testng.reporters.JUnitReportReporter -->
<testsuite hostname="DESKTOP-SEANUGB" failures="0" tests="1" name="testngKeywords.EnabledKeyword" time="0.034" errors="0" timestamp="2022-06-23T17:09:51 IST" skipped="0">
  <testcase classname="testngKeywords.EnabledKeyword" name="Z" time="0.034"/>
  <system-out>
    <![CDATA[Z is Running]]>
  </system-out>
</testsuite> <!-- testngKeywords.EnabledKeyword -->
