<?xml version="1.0" encoding="UTF-8"?>
<!-- Generated by org.testng.reporters.JUnitReportReporter -->
<testsuite hostname="DESKTOP-SEANUGB" failures="0" tests="4" name="testngKeywords.DependsOnMethodKey" time="0.045" errors="0" timestamp="2022-06-23T16:01:58 IST" skipped="0">
  <testcase classname="testngKeywords.DependsOnMethodKey" name="L" time="0.027"/>
  <system-out>
    <![CDATA[L is Running]]>
  </system-out>
  <testcase classname="testngKeywords.DependsOnMethodKey" name="A" time="0.004"/>
  <system-out>
    <![CDATA[A is Running]]>
  </system-out>
  <testcase classname="testngKeywords.DependsOnMethodKey" name="C" time="0.010"/>
  <system-out>
    <![CDATA[C is Running]]>
  </system-out>
  <testcase classname="testngKeywords.DependsOnMethodKey" name="Z" time="0.004"/>
  <system-out>
    <![CDATA[Z is Running]]>
  </system-out>
</testsuite> <!-- testngKeywords.DependsOnMethodKey -->
