<?xml version="1.0" encoding="UTF-8"?>
<!-- Generated by org.testng.reporters.JUnitReportReporter -->
<testsuite hostname="DESKTOP-SEANUGB" failures="0" tests="1" name="testNGStudy.Mytest" time="66.776" errors="0" timestamp="2022-06-21T15:40:28 IST" skipped="0">
  <testcase classname="testNGStudy.Mytest" name="eg1testng" time="66.776"/>
  <system-out>
    <![CDATA[it is printing with log o/p display only on console 
this method is printing with log o/p display in console also report]]>
  </system-out>
</testsuite> <!-- testNGStudy.Mytest -->
