<?xml version="1.0" encoding="UTF-8"?>
<!-- Generated by org.testng.reporters.JUnitReportReporter -->
<testsuite hostname="DESKTOP-SEANUGB" failures="0" tests="2" name="AssertStudy.EqualsStudy" time="0.049" errors="0" timestamp="2022-06-28T15:40:11 IST" skipped="0">
  <testcase classname="AssertStudy.EqualsStudy" name="myMethod1" time="0.004"/>
  <system-out>
    <![CDATA[value of c and d is not matching test case is pass]]>
  </system-out>
  <testcase classname="AssertStudy.EqualsStudy" name="myMethod" time="0.045"/>
  <system-out>
    <![CDATA[value of a and b is equal test case is pass]]>
  </system-out>
</testsuite> <!-- AssertStudy.EqualsStudy -->
