<?xml version="1.0" encoding="UTF-8"?>
<!-- Generated by org.testng.reporters.JUnitReportReporter -->
<testsuite hostname="DESKTOP-SEANUGB" failures="0" tests="1" name="AssertStudy.HardAssert" time="0.042" errors="0" timestamp="2022-06-28T15:31:00 IST" skipped="0">
  <testcase classname="AssertStudy.HardAssert" name="myMethod" time="0.042"/>
  <system-out>
    <![CDATA[value of a and b is equal test case is pass
value of c and d is not matching test case is pass]]>
  </system-out>
</testsuite> <!-- AssertStudy.HardAssert -->
