<?xml version="1.0" encoding="UTF-8"?>
<!-- Generated by org.testng.reporters.JUnitReportReporter -->
<testsuite hostname="DESKTOP-SEANUGB" failures="0" tests="2" name="AssertStudy.MultipleVerification" time="0.073" errors="0" timestamp="2022-06-28T16:16:48 IST" skipped="0">
  <testcase classname="AssertStudy.MultipleVerification" name="myMethod" time="0.016"/>
  <system-out>
    <![CDATA[Value of b is not null then test case is pass]]>
  </system-out>
  <testcase classname="AssertStudy.MultipleVerification" name="f" time="0.057"/>
  <system-out>
    <![CDATA[Value of a is null then test case is pass ]]>
  </system-out>
</testsuite> <!-- AssertStudy.MultipleVerification -->
